<?xml version="1.0" encoding="UTF-8"?>
<testng-results skipped="0" failed="0" ignored="0" total="2" passed="2">
  <reporter-output>
  </reporter-output>
  <suite name="Default suite" duration-ms="5460" started-at="2018-06-10T13:21:50Z" finished-at="2018-06-10T13:21:56Z">
    <groups>
    </groups>
    <test name="Default test" duration-ms="5460" started-at="2018-06-10T13:21:50Z" finished-at="2018-06-10T13:21:56Z">
      <class name="testSuite.AddComputer">
        <test-method status="PASS" signature="test()[pri:0, instance:testSuite.AddComputer@66a3ffec]" name="test" duration-ms="2702" started-at="2018-06-10T18:51:50Z" finished-at="2018-06-10T18:51:53Z">
          <reporter-output>
          </reporter-output>
        </test-method> <!-- test -->
      </class> <!-- testSuite.AddComputer -->
      <class name="testSuite.TestExecutor">
        <test-method status="PASS" signature="beforeSuite()[pri:0, instance:testSuite.TestExecutor@3e6fa38a]" name="beforeSuite" is-config="true" duration-ms="3423" started-at="2018-06-10T18:51:47Z" finished-at="2018-06-10T18:51:50Z">
          <reporter-output>
          </reporter-output>
        </test-method> <!-- beforeSuite -->
        <test-method status="PASS" signature="afterSuite()[pri:0, instance:testSuite.TestExecutor@3e6fa38a]" name="afterSuite" is-config="true" duration-ms="205" started-at="2018-06-10T18:51:56Z" finished-at="2018-06-10T18:51:56Z">
          <reporter-output>
          </reporter-output>
        </test-method> <!-- afterSuite -->
      </class> <!-- testSuite.TestExecutor -->
      <class name="testSuite.SearchAndDelete">
        <test-method status="PASS" signature="test()[pri:0, instance:testSuite.SearchAndDelete@77caeb3e]" name="test" duration-ms="2723" started-at="2018-06-10T18:51:53Z" finished-at="2018-06-10T18:51:56Z">
          <reporter-output>
          </reporter-output>
        </test-method> <!-- test -->
      </class> <!-- testSuite.SearchAndDelete -->
    </test> <!-- Default test -->
  </suite> <!-- Default suite -->
</testng-results>
